<?xml version="1.0" encoding="UTF-8"?>
<!-- Generated by org.testng.reporters.JUnitReportReporter -->
<testsuite skipped="0" hostname="DESKTOP-APA8U7G" name="shoppingId.shoppingId.AppTest" tests="1" failures="0" timestamp="05 Aug 2019 17:24:42 GMT" time="0.000" errors="0">
  <testcase name="testApp" time="0.000" classname="shoppingId.shoppingId.AppTest"/>
</testsuite> <!-- shoppingId.shoppingId.AppTest -->
